# data.004/: data_e pred_e
-1.131294631958007812e+02 -1.131226355240071371e+02
-1.131863632202148438e+02 -1.132071981437432271e+02
-1.129881744384765625e+02 -1.129616573514948072e+02
-1.130172348022460938e+02 -1.130921316684638640e+02
-1.122301788330078125e+02 -1.122792807459933471e+02
-1.129960632324218750e+02 -1.129559022270508990e+02
-1.130518341064453125e+02 -1.131160159026738086e+02
-1.126283721923828125e+02 -1.126979066256747615e+02
-1.125860595703125000e+02 -1.125872846584723703e+02
-1.126328277587890625e+02 -1.127085130336041630e+02
-1.127858810424804688e+02 -1.127796096057494140e+02
-1.128443298339843750e+02 -1.127748387941813064e+02
-1.129332427978515625e+02 -1.129407097340537405e+02
-1.125177154541015625e+02 -1.126256051868598007e+02
-1.128021316528320312e+02 -1.127139054420594846e+02
-1.126722488403320312e+02 -1.127139787426452529e+02
-1.130269470214843750e+02 -1.131001358289603900e+02
-1.137878417968750000e+02 -1.138137139082241731e+02
-1.130894927978515625e+02 -1.131337185732544413e+02
-1.121471939086914062e+02 -1.122226761415397789e+02
-1.128426055908203125e+02 -1.128885712429713521e+02
-1.128862838745117188e+02 -1.129285734394549792e+02
-1.125527572631835938e+02 -1.126144695201191439e+02
-1.130337142944335938e+02 -1.130933479456472242e+02
-1.137600402832031250e+02 -1.137922336761650257e+02
-1.130901718139648438e+02 -1.131295182763409031e+02
-1.131585922241210938e+02 -1.131762196404001486e+02
-1.129252548217773438e+02 -1.128639331563103809e+02
-1.129772415161132812e+02 -1.129813864887772468e+02
-1.127713317871093750e+02 -1.127443114093834424e+02
-1.131018371582031250e+02 -1.131229777586208058e+02
-1.133405761718750000e+02 -1.133667772080044358e+02
-1.129181594848632812e+02 -1.129211254362265038e+02
-1.131182174682617188e+02 -1.130874080921333587e+02
-1.132360610961914062e+02 -1.132673788702612967e+02
-1.131119766235351562e+02 -1.131757910286952011e+02
-1.128379058837890625e+02 -1.128391594703127510e+02
-1.131888656616210938e+02 -1.132158556448169975e+02
-1.130728454589843750e+02 -1.130703819610700123e+02
-1.131018753051757812e+02 -1.131560701537542712e+02
-1.136242599487304688e+02 -1.136306124610939179e+02
-1.134094696044921875e+02 -1.133792572460947241e+02
-1.127953033447265625e+02 -1.128436545162319931e+02
-1.129111709594726562e+02 -1.128935913652433243e+02
-1.127645721435546875e+02 -1.128031129691897263e+02
-1.126629714965820312e+02 -1.127155253677438793e+02
-1.126446228027343750e+02 -1.126548095838624590e+02
-1.130506820678710938e+02 -1.130791159081363730e+02
-1.131606521606445312e+02 -1.132050610766663681e+02
-1.129650268554687500e+02 -1.129941161249141572e+02
-1.128813400268554688e+02 -1.128692058145905435e+02
-1.136721954345703125e+02 -1.136711125321137672e+02
-1.127302627563476562e+02 -1.127845316228658135e+02
-1.130602035522460938e+02 -1.130531195839744498e+02
-1.128778533935546875e+02 -1.129749455467539576e+02
-1.132573852539062500e+02 -1.133236759801947926e+02
-1.129148712158203125e+02 -1.129373461241880534e+02
-1.129123229980468750e+02 -1.129091552742653448e+02
-1.136044006347656250e+02 -1.136392491329388292e+02
-1.127635040283203125e+02 -1.127400026510971287e+02
-1.127999496459960938e+02 -1.128210552944938456e+02
-1.130938873291015625e+02 -1.130834668640550262e+02
-1.128651275634765625e+02 -1.128569063684598603e+02
-1.136620407104492188e+02 -1.136951642173476529e+02
-1.129817047119140625e+02 -1.129422444374339136e+02
-1.128631820678710938e+02 -1.128770696790637658e+02
-1.124592132568359375e+02 -1.125188670197169643e+02
-1.128501434326171875e+02 -1.128312515356504946e+02
-1.127764129638671875e+02 -1.126842597774131605e+02
-1.124794158935546875e+02 -1.125014514710279059e+02
-1.129622879028320312e+02 -1.130037147222445810e+02
-1.131593170166015625e+02 -1.131277968564440357e+02
-1.129069213867187500e+02 -1.129025371397499669e+02
-1.126719055175781250e+02 -1.127082640481774121e+02
-1.129474182128906250e+02 -1.129461050669667088e+02
-1.130323715209960938e+02 -1.129903941872178876e+02
-1.131351318359375000e+02 -1.131769369437289754e+02
-1.127522583007812500e+02 -1.126963032890951979e+02
-1.128534851074218750e+02 -1.128200412414804106e+02
-1.130124588012695312e+02 -1.130378386727254991e+02
-1.136252746582031250e+02 -1.136309580414032609e+02
-1.126610183715820312e+02 -1.126963400193890408e+02
-1.127116470336914062e+02 -1.127689725289860689e+02
-1.133637619018554688e+02 -1.133642404688127669e+02
-1.126284027099609375e+02 -1.125843543319017215e+02
-1.129560928344726562e+02 -1.129799928906597728e+02
-1.130643768310546875e+02 -1.130571222798934627e+02
-1.127839355468750000e+02 -1.128178795397550971e+02
-1.128951797485351562e+02 -1.129205584235442927e+02
-1.129349060058593750e+02 -1.128976042229068639e+02
-1.131963424682617188e+02 -1.132049455965429559e+02
-1.127305374145507812e+02 -1.127641194055645002e+02
-1.134350662231445312e+02 -1.133773106331799312e+02
-1.126645965576171875e+02 -1.127183105825140075e+02
-1.128555603027343750e+02 -1.128544341919175622e+02
-1.127681274414062500e+02 -1.127976521128277057e+02
-1.131424713134765625e+02 -1.131653766320209229e+02
-1.131529922485351562e+02 -1.131895309347769540e+02
-1.130338211059570312e+02 -1.130733379845729587e+02
-1.127604446411132812e+02 -1.128241116314925705e+02
